10073:
3.4
3
3.5
10118:
3.5
10355:
1.7
10426:
4.1
3.7
4.2
4.4
4.4
4
3.8
4.7
4
3.6
4.4
4.5
4.3
3.6
1091:
2.5
11252:
4
4.1
11262:
3.4
4.5
2.9
2.9
3.9
3.4
4.6
3.3
3.2
3
3.1
3.2
4.3
3.6
4.4
11623:
4.4
3.6
3.8
4.7
3.8
4.2
4
4.2
3.5
11689:
3.2
11886:
4
2.8
3.6
3.6
3.1
3.3
3.4
2.9
4.2
3.4
3.4
3.9
4.2
3.6
3.4
3.5
3.4
4.3
3.4
3.5
3.3
11941:
4.1
2.7
4.2
3.5
3.6
3.9
4.1
3.4
3.7
4
3.6
2.9
3.5
3.6
3.4
4.2
3.3
3.6
4.2
3.5
3.6
3.8
3.4
11944:
3.3
12084:
4.3
3.3
3
2.8
3.9
4
3
3.4
3.6
2.7
3.3
3
3.5
3.7
2.7
2.8
2.9
3.4
2.6
3.8
3.5
3.6
3.4
3.3
3.8
2.3
3.2
3.2
3
3.6
3.6
2.3
3.3
4.3
2.8
3.1
4.3
3
3.6
2.7
3.3
3.4
4.1
2.8
3.6
3.6
3.7
3.5
3.6
3.4
3.8
3.5
3.3
3.3
3.4
3.7
3.4
3.5
3.1
3.4
3.2
3.5
3.2
3.5
3.8
3.9
3.3
2.9
2.5
3.3
3.5
3.3
3.4
3.9
3.3
2.9
3.9
3.7
3
3.5
2.6
2.9
2.9
2.7
4
3.4
3.6
2.8
3.4
3.8
3
3.1
2.9
2.9
3.9
2.7
3.2
3.5
3.7
4
3.7
2.9
3.2
3.3
3.2
3.8
3.5
2.9
3
3.4
4.3
2.5
4.3
3.7
3.1
3.3
2.4
3.2
3.4
3.2
3.3
3.2
3.3
3.3
2.6
3.3
12390:
3.1
3.2
2.5
3.1
3
2.9
3.3
12448:
2.8
2.8
3.2
12451:
2.4
12494:
3.2
3.7
3.2
3.8
4.5
3
3.1
3.7
4.5
3.3
3.2
3.8
3.4
3.6
4.5
2.7
3.9
4.1
2.7
4.1
4.3
3.7
4
3
3.7
3.9
3.4
4.5
3.7
3.5
4.4
3.4
3.7
3.7
4.1
4.2
3.4
3.2
3.7
3.1
3.2
3.4
4.4
3.9
4.6
2.9
3.3
4.4
3.3
4
3.5
12972:
2.8
1301:
3
13187:
2.4
2.4
3.3
3.6
3
13202:
3.4
1333:
2.5
13353:
2.3
2.8
13453:
4.3
3.4
4.4
3.1
3.9
13465:
3.3
13647:
3.4
13846:
2.7
13872:
2.5
13914:
3.8
4
3.2
3.6
3.8
3.3
3.2
3.3
3.4
4.1
4
3.2
3.6
2.7
3.3
3.7
3.6
3.5
4.1
3.2
3.3
3.4
3
2.8
3.3
3.7
3.8
3.2
2.5
3.3
3.4
2.8
3.9
2.8
3.8
4
3.6
3.3
2.8
3.4
13924:
2.8
14005:
4.7
4
4.7
4.2
4.3
3.8
3.3
4.6
3
14090:
3.4
3.1
3.8
3.1
2.4
2.6
2.5
14227:
2.3
2
143:
3.6
3.5
3.9
3.6
3.8
3.2
4.1
3.4
3.9
4.4
4
4.3
3.8
4.1
3.9
4.3
3.9
3.8
3.8
2.7
4.4
4.5
4
4
3.5
3.4
3.7
4.2
3.7
3.9
4.3
3.3
3.8
2.9
3.8
4
3.8
5.2
3.9
3.7
3.9
3.9
3.8
3.5
3.6
3.7
3.8
4.3
3.3
3.7
3.3
4.5
3.5
4.8
4.1
4.5
3.9
3.7
4.7
4.1
3.7
3.8
4
3.6
3.9
4
3.7
3.5
3.2
3.7
3.9
3.8
4
3.7
3.9
4.3
3.7
3.9
4
4.1
3.2
4
4.1
3.5
4.2
4.3
4.1
3.8
4.2
4
3.9
3.7
2.7
4.2
4
4.4
3.5
3.4
4.2
3.7
4.2
3.4
4
3
4.3
4.2
4.8
4
3.8
3.8
3.9
3.8
3.8
4.6
3.7
4.1
3.6
4.8
3.8
3.8
3.4
3.9
4.2
3.8
3.1
3.9
3.5
4.5
3.6
3.3
3.7
4.1
3.8
3.8
3.7
4.1
3.1
4.4
3.8
3.1
4.5
3.6
3.6
4.6
4
3.7
4.3
4
4.2
4.3
4.6
3.6
4.1
4.1
3.9
3.8
4
3.8
4.1
3.7
3.5
3.4
4.2
3.4
14580:
3.8
2.2
2.8
14727:
3.7
2.7
3.8
3.7
3.7
3.4
3.4
3.8
2.8
14764:
3.3
2.4
14786:
3.4
3.7
3.3
4.2
3.5
3.8
3.7
14853:
3.9
3.2
14914:
2.3
14915:
3.4
2
2.2
2
2.5
2.6
2.4
2.3
2.1
1.9
14973:
2.6
2.9
3.9
3.4
2.8
15128:
3.2
2.5
15153:
2.7
2.7
3
2.6
15200:
3.5
3.3
3.4
3.5
3.1
3.2
2.3
3.4
3.1
3.4
2.6
15264:
3.8
3.9
4
15325:
2.9
3.1
3.5
15386:
4.1
15441:
2.8
15546:
2.8
2.6
15613:
4.7
15778:
2.6
15873:
3.7
3.3
15966:
2.5
2.6
2.5
3.1
2.9
2.8
15993:
3.3
3.1
16028:
3.3
16124:
3.4
4.3
16167:
3.2
16191:
3.6
16214:
4
3.2
3.3
16242:
3.4
3.9
3.8
2.8
3.7
3.2
3.7
4.5
3.5
3.8
4.5
4.4
3.6
3.9
3.9
4.1
3
3.2
3.4
4
2.8
3.6
3.4
3
2.3
3.2
3.4
3.8
3.5
3.6
3.1
3.7
3.3
3.7
3.1
3
3.5
3.5
16331:
2
3.1
2
16457:
3.4
16574:
0.5
16625:
2.6
16630:
3.8
2.7
3
2.8
3.2
1677:
2
17021:
3.7
17346:
4
4.2
3.8
3.8
4.6
4
17480:
4.8
4.2
3.7
4.2
4.8
4.6
4.5
4.6
4
3.2
3.5
4.4
3.6
4.3
4.6
4
4
4.3
4
4.6
4.3
4.5
4.3
4.3
5.4
5.3
4.2
5
3.9
4.2
4.3
4.3
3.9
4.2
4.4
17590:
2.9
1871:
3.7
3.6
3.1
1874:
3.4
3.9
2.4
2127:
2.6
2.1
2.4
2160:
3.8
3.8
3.7
3.5
4
3.9
4.3
4
3.9
2298:
3.3
257:
4.5
4.4
3.9
3
4.4
3.8
4.7
3.7
4.5
3.9
4.3
4.7
3.8
4.4
4.4
5.2
3.9
4.6
3.9
4.6
3.7
4
4
4.8
3.5
3.7
4.2
4
5
3.7
3.8
4
3.7
4.2
3.7
3.9
4.1
4
3.9
4.2
3.9
4.1
3.5
4.4
4.1
4
4.1
4.8
4.8
3.8
3.9
3.8
3.9
4
3.9
3.7
4
3
3.5
4.2
3.8
3.9
4.4
4.3
4.4
4.9
4.1
3.9
3.4
3.7
3.4
4
3.7
3.8
4.6
2.7
4
4
4.5
2.8
3.6
4.1
4.2
3.9
4.1
4.2
5.1
4
2
4
4.2
3.8
4
4.6
4.7
4
3.8
4.6
4.5
4.3
4.3
4.1
4.5
4.9
4
4.3
4.1
4.9
4.7
4.3
4.2
4.5
3.5
4.6
3.8
4
4.1
5
4.1
4.2
4.4
4.5
3.9
3
3.8
4.1
4
4.6
3.8
4.5
3.6
4
3.8
4
4.4
4.5
4.6
4.9
3.5
3.5
4.2
4.4
4.5
4.2
3.4
4.6
3.9
4.1
3.3
4.3
4.2
3.6
3.4
4.7
4.3
4
3.4
4.3
4.8
4.1
3.5
2625:
3.8
2769:
3.8
3.4
4
4.4
3.4
3.5
3.2
4
4
3.9
4.4
3.6
2796:
3.8
3.9
4.2
4.2
4
3.9
4.5
4.1
4.9
4.1
4
4.2
3.8
3.3
4.2
2944:
3.6
3.1
3.5
4.2
3.8
4.1
2.9
4.3
3.8
4.3
4
4.3
4.2
4.3
4
4
4.2
3.7
3.5
4
4.1
3.5
4.8
4.4
3.5
4.1
4.1
4
3.3
3.7
4.4
4.2
3.9
3.7
4.4
4.3
4.1
4.2
4
4.4
4.4
3.9
3.7
3.8
4.1
2982:
2.8
2.8
3186:
3.2
3304:
2.9
3322:
3.1
3
342:
3.5
4.4
3.6
4.2
4
4
3.9
4.1
3973:
3.2
4007:
2.4
4.2
4109:
3.1
3.3
3.4
4.3
2.8
2.8
2.8
3.5
3.3
2.9
3.3
2.3
2.5
1.5
3.5
3.9
3.4
3
3.8
3.1
3.3
2.9
2.9
3.4
2.9
3.3
3.4
3.6
3.9
3
3.1
4.3
2.9
3.6
3
2.7
3.8
3.3
3.4
3.4
2.2
3.5
2.7
3.3
2.9
3.8
2.9
3.2
3.5
3
3.5
3
3.2
3.9
3.9
3.1
3.3
3.4
3.2
2.4
3.3
3.1
3.6
3.8
3
3.6
2.8
3.6
2.8
4210:
2.8
2.4
2.5
2.2
3.1
2.6
2.1
2.9
3.4
3.1
2.6
2.9
3
2.7
2.9
1.9
3
2.5
4
2.6
2.6
2.8
3.4
2.3
3.1
2.1
4.1
3.8
3.5
2.9
2.5
3.3
4.2
3
3.1
2.5
2.7
3.5
2.7
2.9
3.7
3.5
2.6
3
2.6
3.5
3
2.6
4241:
2.2
4251:
3
3
4324:
3.3
3.2
4343:
2.6
3.6
3.6
4593:
3.7
4599:
3.6
3.2
3
4.3
4.7
2.9
4741:
1.8
3.3
4849:
3.4
3.6
3.6
3.4
3.3
4
3.8
4.3
3.9
3.3
3.5
4955:
3.1
2.1
5044:
3.1
3.5
5618:
2.5
5876:
2.9
3.3
3.6
3.7
3.2
5889:
3
2.7
604:
3
3.4
6120:
2.8
3.1
3.2
2.9
3
6176:
4.3
4.4
4.3
3.6
3.8
4.2
4.7
4.8
5
4.5
3.6
3.8
3.6
4.6
4.1
4.6
4.4
6547:
2
6552:
3.2
3.4
3.4
2.7
3.2
2.4
3.2
3
2.8
3.1
2.6
3.4
3.4
3.3
2.9
3.1
3.4
3.8
3.6
3.6
3.3
3.7
3.2
3.7
2
3
4.3
2.7
4.3
3.2
6687:
4
3.3
3.2
3.1
2.3
2.5
3.6
3.3
3.4
4
3.1
3
6772:
2.6
3.3
6802:
2.5
6852:
3.5
3.3
3.8
7166:
4.1
4.2
4.1
4.6
4
4.1
4.9
4.1
4.3
4.2
4.7
4
3.2
4.8
3.8
4.2
4.6
2.9
4
4.7
3.4
3.9
3.9
4
4.1
4.6
4.5
4.8
3.9
4.7
4.6
3.7
3.8
3.3
3.7
4.7
3.8
4.3
4
4.5
3.8
3.9
3.3
4.3
4.5
4.5
4.2
4.4
4
3.8
3.7
3.4
5
4.5
3.1
3.7
4.2
4.9
4.8
723:
3.3
2.6
2.8
2.7
3.5
3.9
3.3
1.5
3.1
3.3
2.2
3.6
3.4
2.9
3
2.9
3.5
3.5
4.3
2.8
2.6
3
3.2
3.2
2.7
3.1
3.1
1.8
2.5
2.8
2.7
3.2
3
3.5
2.7
3.5
7626:
3.3
7737:
3.6
4.9
4.8
3.3
3.6
3.9
3
3.2
4.1
7876:
3.4
3.8
3.7
3.6
3.5
4
5.1
3.4
4.1
791:
3.6
8064:
3
8107:
3.6
4
3.9
3.6
3.8
4.6
2.9
4.4
3.6
4.9
3.8
3.9
4.6
3.6
3.6
4
3.7
4
4.2
3.6
4.6
4.1
3.3
4.3
4
4
4.3
4.2
4.1
4.1
4.2
4.8
4.2
3.9
4.3
3.9
4.5
3.6
3.8
4.4
3.8
4
8117:
4.1
4.9
3.9
4.2
3.7
4.4
3.7
3.7
3.8
4
4.8
3.9
3.3
3.8
3.9
4.2
4.1
3.2
4
3.6
3.9
4.7
3.9
4.3
8322:
2.4
838:
2.7
2.9
8387:
3.7
3
3.4
3.9
3.6
3.7
3.4
3
4.2
4.2
3.1
3.9
3.4
3.9
4.3
3.3
2.8
3.8
4.1
3.2
4.2
4.6
3.2
3.3
3.4
4.2
3.4
4.1
3.7
3.9
3.8
3.3
3.5
4.2
3.3
4.6
3.2
4.3
3.5
3.6
3.1
4.3
3.5
4.3
3.9
4.5
3.3
3.5
3.3
4.2
3.7
3.4
3.9
4.6
3.6
3.7
3.5
3.4
4.2
3.9
3.7
2.9
3.3
4
3.6
3.3
4.6
4.3
3.2
3.5
4
3.8
3.3
3.4
3.7
3.6
4.1
3.8
3.6
4
3.2
3.9
4.1
4
3.8
4
4.5
3.9
3.9
3.4
3.3
3.9
3.8
4
3.5
3.5
3.9
3.3
2.9
3.8
3.6
3.9
4.1
3.5
3.5
3.7
4.6
4
3.6
4.2
4.1
3.6
3.6
3.4
8448:
3.8
2.7
2.9
861:
2.5
4.3
3.9
3.8
4
8762:
2.2
8795:
3.3
9191:
4
3.8
4
9311:
4
4
939:
3.9
3.9
4
4
4
4.1
2.9
9423:
3.7
9520:
4.1
3.4
3.8
3.6
3.6
2.5
3.5
9682:
2.1
9778:
3
3.7
992:
4.2
3.9
3.2
3.5
3.6
4.4
4.3
4.3
3.5
3.5
4.6
3.9
3.9
4.5
4.2
3.8
4
3.9
3.5
3.7
4.1
4.2
3.6
3.9
4.1
4
3.9
4
4.8
4.3
4.2
4.6
3.8
RMSE:
0.948498
